
> slipbook@0.1.0 build-storybook
> storybook build --output-dir /var/folders/sw/q8sjbyr53g33k_z9k8x2l5vr0000gn/T/chromatic--26502-eN15MVZgQMRm

@storybook/cli v7.6.17

info => Cleaning outputDir: /var/folders/sw/q8sjbyr53g33k_z9k8x2l5vr0000gn/T/chromatic--26502-eN15MVZgQMRm
info => Loading presets
info => Building manager..
info => Manager built (70 ms)
info => Building preview..
info => Copying static files: /Users/slipromise/Projects/slipbook/node_modules/@storybook/manager/static at /var/folders/sw/q8sjbyr53g33k_z9k8x2l5vr0000gn/T/chromatic--26502-eN15MVZgQMRm/sb-common-assets
info Using Babel compiler
info Addon-docs: using MDX2
info => Using implicit CSS loaders
info => [@storybook/addon-styling-webpack] Applying custom Storybook webpack configuration styling.
[addon-coverage] Adding istanbul loader to Webpack config
info => Using default Webpack5 setup
WARN asset size limit: The following asset(s) exceed the recommended size limit (244 KiB).
WARN This can impact web performance.
WARN Assets: 
WARN   static/media/addon-library.7d60eaf1.png (456 KiB)
WARN   main.743a5e23.iframe.bundle.js (819 KiB)
WARN   370.10c30e23.iframe.bundle.js (245 KiB)
WARN   609.558d1744.iframe.bundle.js (690 KiB)
WARN   71.3a6df7ce.iframe.bundle.js (583 KiB)
WARN   269.dce8681d.iframe.bundle.js (716 KiB)
WARN   270.1f7f42e8.iframe.bundle.js (1.05 MiB)
WARN   205.d5927403.iframe.bundle.js (834 KiB)
WARN entrypoint size limit: The following entrypoint(s) combined asset size exceeds the recommended limit (244 KiB). This can impact web performance.
WARN Entrypoints:
WARN   main (1.86 MiB)
WARN       runtime~main.01878015.iframe.bundle.js
WARN       270.1f7f42e8.iframe.bundle.js
WARN       main.743a5e23.iframe.bundle.js
WARN 
info => Preview built (9.13 s)
info => Output directory: /var/folders/sw/q8sjbyr53g33k_z9k8x2l5vr0000gn/T/chromatic--26502-eN15MVZgQMRm
